2022-10-16 00:00:34.473 [SessionValidationThread-1] INFO  o.a.s.session.mgt.AbstractValidatingSessionManager : Validating all active sessions...
2022-10-16 00:00:34.473 [SessionValidationThread-1] INFO  o.a.s.session.mgt.AbstractValidatingSessionManager : Finished session validation.  No sessions were stopped.
2022-10-16 01:00:34.473 [SessionValidationThread-1] INFO  o.a.s.session.mgt.AbstractValidatingSessionManager : Validating all active sessions...
2022-10-16 01:00:34.473 [SessionValidationThread-1] INFO  o.a.s.session.mgt.AbstractValidatingSessionManager : Finished session validation.  No sessions were stopped.
2022-10-16 02:00:34.473 [SessionValidationThread-1] INFO  o.a.s.session.mgt.AbstractValidatingSessionManager : Validating all active sessions...
2022-10-16 02:00:34.476 [SessionValidationThread-1] INFO  o.a.s.session.mgt.AbstractValidatingSessionManager : Finished session validation.  No sessions were stopped.
2022-10-16 03:00:34.473 [SessionValidationThread-1] INFO  o.a.s.session.mgt.AbstractValidatingSessionManager : Validating all active sessions...
2022-10-16 03:00:34.473 [SessionValidationThread-1] INFO  o.a.s.session.mgt.AbstractValidatingSessionManager : Finished session validation.  No sessions were stopped.
2022-10-16 03:16:22.413 [QuartzScheduler_DatartScheduleCluster-SH-OD-009WD1665468014423_MisfireHandler] WARN  com.alibaba.druid.pool.DruidAbstractDataSource : discard long time none received connection. , jdbcUrl : jdbc:mysql://localhost:3306/datart?rewriteBatchedStatements=true&allowPublicKeyRetrieval=true&failOverReadOnly=false&allowMultiQueries=true&characterEncoding=utf-8&autoReconnect=true&allowLoadLocalInfile=true&useSSL=false, version : 1.2.4, lastPacketReceivedIdleMillis : 1458370
2022-10-16 04:00:34.473 [SessionValidationThread-1] INFO  o.a.s.session.mgt.AbstractValidatingSessionManager : Validating all active sessions...
2022-10-16 04:00:34.473 [SessionValidationThread-1] INFO  o.a.s.session.mgt.AbstractValidatingSessionManager : Finished session validation.  No sessions were stopped.
2022-10-16 05:00:34.473 [SessionValidationThread-1] INFO  o.a.s.session.mgt.AbstractValidatingSessionManager : Validating all active sessions...
2022-10-16 05:00:34.473 [SessionValidationThread-1] INFO  o.a.s.session.mgt.AbstractValidatingSessionManager : Finished session validation.  No sessions were stopped.
2022-10-16 05:52:04.042 [DatartScheduleCluster_Worker-2] WARN  com.alibaba.druid.pool.DruidAbstractDataSource : discard long time none received connection. , jdbcUrl : jdbc:mysql://localhost:3306/datart?rewriteBatchedStatements=true&allowPublicKeyRetrieval=true&failOverReadOnly=false&allowMultiQueries=true&characterEncoding=utf-8&autoReconnect=true&allowLoadLocalInfile=true&useSSL=false, version : 1.2.4, lastPacketReceivedIdleMillis : 255426
2022-10-16 06:00:34.473 [SessionValidationThread-1] INFO  o.a.s.session.mgt.AbstractValidatingSessionManager : Validating all active sessions...
2022-10-16 06:00:34.473 [SessionValidationThread-1] INFO  o.a.s.session.mgt.AbstractValidatingSessionManager : Finished session validation.  No sessions were stopped.
2022-10-16 07:00:34.473 [SessionValidationThread-1] INFO  o.a.s.session.mgt.AbstractValidatingSessionManager : Validating all active sessions...
2022-10-16 07:00:34.473 [SessionValidationThread-1] INFO  o.a.s.session.mgt.AbstractValidatingSessionManager : Finished session validation.  No sessions were stopped.
2022-10-16 07:02:34.205 [QuartzScheduler_DatartScheduleCluster-SH-OD-009WD1665468014423_ClusterManager] WARN  com.alibaba.druid.pool.DruidAbstractDataSource : discard long time none received connection. , jdbcUrl : jdbc:mysql://localhost:3306/datart?rewriteBatchedStatements=true&allowPublicKeyRetrieval=true&failOverReadOnly=false&allowMultiQueries=true&characterEncoding=utf-8&autoReconnect=true&allowLoadLocalInfile=true&useSSL=false, version : 1.2.4, lastPacketReceivedIdleMillis : 630165
2022-10-16 08:00:34.474 [SessionValidationThread-1] INFO  o.a.s.session.mgt.AbstractValidatingSessionManager : Validating all active sessions...
2022-10-16 08:00:34.474 [SessionValidationThread-1] INFO  o.a.s.session.mgt.AbstractValidatingSessionManager : Finished session validation.  No sessions were stopped.
2022-10-16 09:00:34.473 [SessionValidationThread-1] INFO  o.a.s.session.mgt.AbstractValidatingSessionManager : Validating all active sessions...
2022-10-16 09:00:34.475 [SessionValidationThread-1] INFO  o.a.s.session.mgt.AbstractValidatingSessionManager : Finished session validation.  No sessions were stopped.
2022-10-16 10:00:34.474 [SessionValidationThread-1] INFO  o.a.s.session.mgt.AbstractValidatingSessionManager : Validating all active sessions...
2022-10-16 10:00:34.474 [SessionValidationThread-1] INFO  o.a.s.session.mgt.AbstractValidatingSessionManager : Finished session validation.  No sessions were stopped.
2022-10-16 10:53:46.063 [QuartzScheduler_DatartScheduleCluster-SH-OD-009WD1665468014423_ClusterManager] WARN  com.alibaba.druid.pool.DruidAbstractDataSource : discard long time none received connection. , jdbcUrl : jdbc:mysql://localhost:3306/datart?rewriteBatchedStatements=true&allowPublicKeyRetrieval=true&failOverReadOnly=false&allowMultiQueries=true&characterEncoding=utf-8&autoReconnect=true&allowLoadLocalInfile=true&useSSL=false, version : 1.2.4, lastPacketReceivedIdleMillis : 102020
2022-10-16 11:00:34.473 [SessionValidationThread-1] INFO  o.a.s.session.mgt.AbstractValidatingSessionManager : Validating all active sessions...
2022-10-16 11:00:34.473 [SessionValidationThread-1] INFO  o.a.s.session.mgt.AbstractValidatingSessionManager : Finished session validation.  No sessions were stopped.
2022-10-16 12:00:34.473 [SessionValidationThread-1] INFO  o.a.s.session.mgt.AbstractValidatingSessionManager : Validating all active sessions...
2022-10-16 12:00:34.473 [SessionValidationThread-1] INFO  o.a.s.session.mgt.AbstractValidatingSessionManager : Finished session validation.  No sessions were stopped.
2022-10-16 13:00:34.473 [SessionValidationThread-1] INFO  o.a.s.session.mgt.AbstractValidatingSessionManager : Validating all active sessions...
2022-10-16 13:00:34.473 [SessionValidationThread-1] INFO  o.a.s.session.mgt.AbstractValidatingSessionManager : Finished session validation.  No sessions were stopped.
2022-10-16 14:00:34.472 [SessionValidationThread-1] INFO  o.a.s.session.mgt.AbstractValidatingSessionManager : Validating all active sessions...
2022-10-16 14:00:34.472 [SessionValidationThread-1] INFO  o.a.s.session.mgt.AbstractValidatingSessionManager : Finished session validation.  No sessions were stopped.
2022-10-16 14:52:04.042 [DatartScheduleCluster_Worker-1] WARN  com.alibaba.druid.pool.DruidAbstractDataSource : discard long time none received connection. , jdbcUrl : jdbc:mysql://localhost:3306/datart?rewriteBatchedStatements=true&allowPublicKeyRetrieval=true&failOverReadOnly=false&allowMultiQueries=true&characterEncoding=utf-8&autoReconnect=true&allowLoadLocalInfile=true&useSSL=false, version : 1.2.4, lastPacketReceivedIdleMillis : 1601297
2022-10-16 15:00:34.473 [SessionValidationThread-1] INFO  o.a.s.session.mgt.AbstractValidatingSessionManager : Validating all active sessions...
2022-10-16 15:00:34.474 [SessionValidationThread-1] INFO  o.a.s.session.mgt.AbstractValidatingSessionManager : Finished session validation.  No sessions were stopped.
2022-10-16 16:00:34.473 [SessionValidationThread-1] INFO  o.a.s.session.mgt.AbstractValidatingSessionManager : Validating all active sessions...
2022-10-16 16:00:34.473 [SessionValidationThread-1] INFO  o.a.s.session.mgt.AbstractValidatingSessionManager : Finished session validation.  No sessions were stopped.
2022-10-16 17:00:34.472 [SessionValidationThread-1] INFO  o.a.s.session.mgt.AbstractValidatingSessionManager : Validating all active sessions...
2022-10-16 17:00:34.472 [SessionValidationThread-1] INFO  o.a.s.session.mgt.AbstractValidatingSessionManager : Finished session validation.  No sessions were stopped.
2022-10-16 18:00:34.472 [SessionValidationThread-1] INFO  o.a.s.session.mgt.AbstractValidatingSessionManager : Validating all active sessions...
2022-10-16 18:00:34.472 [SessionValidationThread-1] INFO  o.a.s.session.mgt.AbstractValidatingSessionManager : Finished session validation.  No sessions were stopped.
2022-10-16 19:00:34.473 [SessionValidationThread-1] INFO  o.a.s.session.mgt.AbstractValidatingSessionManager : Validating all active sessions...
2022-10-16 19:00:34.473 [SessionValidationThread-1] INFO  o.a.s.session.mgt.AbstractValidatingSessionManager : Finished session validation.  No sessions were stopped.
2022-10-16 20:00:34.473 [SessionValidationThread-1] INFO  o.a.s.session.mgt.AbstractValidatingSessionManager : Validating all active sessions...
2022-10-16 20:00:34.473 [SessionValidationThread-1] INFO  o.a.s.session.mgt.AbstractValidatingSessionManager : Finished session validation.  No sessions were stopped.
2022-10-16 21:00:34.473 [SessionValidationThread-1] INFO  o.a.s.session.mgt.AbstractValidatingSessionManager : Validating all active sessions...
2022-10-16 21:00:34.474 [SessionValidationThread-1] INFO  o.a.s.session.mgt.AbstractValidatingSessionManager : Finished session validation.  No sessions were stopped.
2022-10-16 21:52:04.043 [DatartScheduleCluster_Worker-8] WARN  com.alibaba.druid.pool.DruidAbstractDataSource : discard long time none received connection. , jdbcUrl : jdbc:mysql://localhost:3306/datart?rewriteBatchedStatements=true&allowPublicKeyRetrieval=true&failOverReadOnly=false&allowMultiQueries=true&characterEncoding=utf-8&autoReconnect=true&allowLoadLocalInfile=true&useSSL=false, version : 1.2.4, lastPacketReceivedIdleMillis : 1677941
2022-10-16 22:00:34.474 [SessionValidationThread-1] INFO  o.a.s.session.mgt.AbstractValidatingSessionManager : Validating all active sessions...
2022-10-16 22:00:34.474 [SessionValidationThread-1] INFO  o.a.s.session.mgt.AbstractValidatingSessionManager : Finished session validation.  No sessions were stopped.
2022-10-16 23:00:34.472 [SessionValidationThread-1] INFO  o.a.s.session.mgt.AbstractValidatingSessionManager : Validating all active sessions...
2022-10-16 23:00:34.472 [SessionValidationThread-1] INFO  o.a.s.session.mgt.AbstractValidatingSessionManager : Finished session validation.  No sessions were stopped.
