2022-09-07 13:50:48.340 [background-preinit] INFO  org.hibernate.validator.internal.util.Version : HV000001: Hibernate Validator 6.1.7.Final
2022-09-07 13:50:48.388 [main] INFO  datart.DatartServerApplication : Starting DatartServerApplication using Java 1.8.0_171 on SH-OD-009WD with PID 7612 (D:\WorkSpace\datart\server\target\classes started by SH-OD-009WD in D:\WorkSpace\datart)
2022-09-07 13:50:48.389 [main] INFO  datart.DatartServerApplication : The following profiles are active: demo
2022-09-07 13:50:50.397 [main] INFO  o.s.d.r.config.RepositoryConfigurationDelegate : Multiple Spring Data modules found, entering strict repository configuration mode!
2022-09-07 13:50:50.399 [main] INFO  o.s.d.r.config.RepositoryConfigurationDelegate : Bootstrapping Spring Data LDAP repositories in DEFAULT mode.
2022-09-07 13:50:50.521 [main] INFO  o.s.d.r.config.RepositoryConfigurationDelegate : Finished Spring Data repository scanning in 115 ms. Found 0 LDAP repository interfaces.
2022-09-07 13:50:50.534 [main] INFO  o.s.d.r.config.RepositoryConfigurationDelegate : Multiple Spring Data modules found, entering strict repository configuration mode!
2022-09-07 13:50:50.536 [main] INFO  o.s.d.r.config.RepositoryConfigurationDelegate : Bootstrapping Spring Data Redis repositories in DEFAULT mode.
2022-09-07 13:50:50.592 [main] INFO  o.s.d.r.config.RepositoryConfigurationDelegate : Finished Spring Data repository scanning in 46 ms. Found 0 Redis repository interfaces.
2022-09-07 13:50:50.938 [main] INFO  o.s.c.s.PostProcessorRegistrationDelegate$BeanPostProcessorChecker : Bean 'org.apache.shiro.spring.boot.autoconfigure.ShiroBeanAutoConfiguration' of type [org.apache.shiro.spring.boot.autoconfigure.ShiroBeanAutoConfiguration$$EnhancerBySpringCGLIB$$83b15b29] is not eligible for getting processed by all BeanPostProcessors (for example: not eligible for auto-proxying)
2022-09-07 13:50:51.000 [main] INFO  o.s.c.s.PostProcessorRegistrationDelegate$BeanPostProcessorChecker : Bean 'org.apache.shiro.spring.boot.autoconfigure.ShiroAnnotationProcessorAutoConfiguration' of type [org.apache.shiro.spring.boot.autoconfigure.ShiroAnnotationProcessorAutoConfiguration$$EnhancerBySpringCGLIB$$864499ce] is not eligible for getting processed by all BeanPostProcessors (for example: not eligible for auto-proxying)
2022-09-07 13:50:51.294 [main] INFO  o.s.c.s.PostProcessorRegistrationDelegate$BeanPostProcessorChecker : Bean 'eventBus' of type [org.apache.shiro.event.support.DefaultEventBus] is not eligible for getting processed by all BeanPostProcessors (for example: not eligible for auto-proxying)
2022-09-07 13:50:51.312 [main] INFO  o.s.c.s.PostProcessorRegistrationDelegate$BeanPostProcessorChecker : Bean 'org.apache.shiro.spring.boot.autoconfigure.ShiroAutoConfiguration' of type [org.apache.shiro.spring.boot.autoconfigure.ShiroAutoConfiguration$$EnhancerBySpringCGLIB$$49b0fcf9] is not eligible for getting processed by all BeanPostProcessors (for example: not eligible for auto-proxying)
2022-09-07 13:50:51.317 [main] INFO  o.s.c.s.PostProcessorRegistrationDelegate$BeanPostProcessorChecker : Bean 'securityConfiguration' of type [datart.security.manager.shiro.SecurityConfiguration$$EnhancerBySpringCGLIB$$a8c1d06a] is not eligible for getting processed by all BeanPostProcessors (for example: not eligible for auto-proxying)
2022-09-07 13:50:51.396 [main] INFO  o.s.c.s.PostProcessorRegistrationDelegate$BeanPostProcessorChecker : Bean 'mybatis-org.mybatis.spring.boot.autoconfigure.MybatisProperties' of type [org.mybatis.spring.boot.autoconfigure.MybatisProperties] is not eligible for getting processed by all BeanPostProcessors (for example: not eligible for auto-proxying)
2022-09-07 13:50:51.405 [main] INFO  o.s.c.s.PostProcessorRegistrationDelegate$BeanPostProcessorChecker : Bean 'org.mybatis.spring.boot.autoconfigure.MybatisAutoConfiguration' of type [org.mybatis.spring.boot.autoconfigure.MybatisAutoConfiguration$$EnhancerBySpringCGLIB$$a36ccea9] is not eligible for getting processed by all BeanPostProcessors (for example: not eligible for auto-proxying)
2022-09-07 13:50:51.409 [main] INFO  o.s.c.s.PostProcessorRegistrationDelegate$BeanPostProcessorChecker : Bean 'com.alibaba.druid.spring.boot.autoconfigure.DruidDataSourceAutoConfigure' of type [com.alibaba.druid.spring.boot.autoconfigure.DruidDataSourceAutoConfigure$$EnhancerBySpringCGLIB$$8a4472eb] is not eligible for getting processed by all BeanPostProcessors (for example: not eligible for auto-proxying)
2022-09-07 13:50:51.413 [main] INFO  c.a.d.s.b.a.DruidDataSourceAutoConfigure : Init DruidDataSource
2022-09-07 13:50:51.478 [main] INFO  o.s.c.s.PostProcessorRegistrationDelegate$BeanPostProcessorChecker : Bean 'spring.datasource-org.springframework.boot.autoconfigure.jdbc.DataSourceProperties' of type [org.springframework.boot.autoconfigure.jdbc.DataSourceProperties] is not eligible for getting processed by all BeanPostProcessors (for example: not eligible for auto-proxying)
2022-09-07 13:50:51.551 [main] INFO  com.alibaba.druid.pool.DruidDataSource : {dataSource-1} inited
2022-09-07 13:50:51.551 [main] INFO  o.s.c.s.PostProcessorRegistrationDelegate$BeanPostProcessorChecker : Bean 'dataSource' of type [com.alibaba.druid.spring.boot.autoconfigure.DruidDataSourceWrapper] is not eligible for getting processed by all BeanPostProcessors (for example: not eligible for auto-proxying)
2022-09-07 13:50:51.577 [main] INFO  o.s.c.s.PostProcessorRegistrationDelegate$BeanPostProcessorChecker : Bean 'org.springframework.boot.autoconfigure.jdbc.DataSourceInitializerInvoker' of type [org.springframework.boot.autoconfigure.jdbc.DataSourceInitializerInvoker] is not eligible for getting processed by all BeanPostProcessors (for example: not eligible for auto-proxying)
2022-09-07 13:50:51.634 [main] INFO  o.s.c.s.PostProcessorRegistrationDelegate$BeanPostProcessorChecker : Bean 'sqlSessionFactory' of type [org.apache.ibatis.session.defaults.DefaultSqlSessionFactory] is not eligible for getting processed by all BeanPostProcessors (for example: not eligible for auto-proxying)
2022-09-07 13:50:51.640 [main] INFO  o.s.c.s.PostProcessorRegistrationDelegate$BeanPostProcessorChecker : Bean 'sqlSessionTemplate' of type [org.mybatis.spring.SqlSessionTemplate] is not eligible for getting processed by all BeanPostProcessors (for example: not eligible for auto-proxying)
2022-09-07 13:50:51.687 [main] INFO  o.s.c.s.PostProcessorRegistrationDelegate$BeanPostProcessorChecker : Bean 'userMapperExt' of type [org.mybatis.spring.mapper.MapperFactoryBean] is not eligible for getting processed by all BeanPostProcessors (for example: not eligible for auto-proxying)
2022-09-07 13:50:51.689 [main] INFO  o.s.c.s.PostProcessorRegistrationDelegate$BeanPostProcessorChecker : Bean 'userMapperExt' of type [com.sun.proxy.$Proxy103] is not eligible for getting processed by all BeanPostProcessors (for example: not eligible for auto-proxying)
2022-09-07 13:50:51.808 [main] INFO  o.s.c.s.PostProcessorRegistrationDelegate$BeanPostProcessorChecker : Bean 'roleMapperExt' of type [org.mybatis.spring.mapper.MapperFactoryBean] is not eligible for getting processed by all BeanPostProcessors (for example: not eligible for auto-proxying)
2022-09-07 13:50:51.809 [main] INFO  o.s.c.s.PostProcessorRegistrationDelegate$BeanPostProcessorChecker : Bean 'roleMapperExt' of type [com.sun.proxy.$Proxy107] is not eligible for getting processed by all BeanPostProcessors (for example: not eligible for auto-proxying)
2022-09-07 13:50:51.834 [main] INFO  o.s.c.s.PostProcessorRegistrationDelegate$BeanPostProcessorChecker : Bean 'relRoleResourceMapperExt' of type [org.mybatis.spring.mapper.MapperFactoryBean] is not eligible for getting processed by all BeanPostProcessors (for example: not eligible for auto-proxying)
2022-09-07 13:50:51.835 [main] INFO  o.s.c.s.PostProcessorRegistrationDelegate$BeanPostProcessorChecker : Bean 'relRoleResourceMapperExt' of type [com.sun.proxy.$Proxy110] is not eligible for getting processed by all BeanPostProcessors (for example: not eligible for auto-proxying)
2022-09-07 13:50:51.865 [main] INFO  o.s.c.s.PostProcessorRegistrationDelegate$BeanPostProcessorChecker : Bean 'requestScopePermissionDataCache' of type [org.springframework.aop.scope.ScopedProxyFactoryBean] is not eligible for getting processed by all BeanPostProcessors (for example: not eligible for auto-proxying)
2022-09-07 13:50:51.865 [main] INFO  o.s.c.s.PostProcessorRegistrationDelegate$BeanPostProcessorChecker : Bean 'requestScopePermissionDataCache' of type [datart.security.manager.RequestScopePermissionDataCache$$EnhancerBySpringCGLIB$$d6c149ff] is not eligible for getting processed by all BeanPostProcessors (for example: not eligible for auto-proxying)
2022-09-07 13:50:51.867 [main] INFO  o.s.c.s.PostProcessorRegistrationDelegate$BeanPostProcessorChecker : Bean 'threadScopePermissionDataCache' of type [datart.security.manager.ThreadScopePermissionDataCache] is not eligible for getting processed by all BeanPostProcessors (for example: not eligible for auto-proxying)
2022-09-07 13:50:51.868 [main] INFO  o.s.c.s.PostProcessorRegistrationDelegate$BeanPostProcessorChecker : Bean 'permissionDataCache' of type [datart.security.manager.PermissionDataCache] is not eligible for getting processed by all BeanPostProcessors (for example: not eligible for auto-proxying)
2022-09-07 13:50:51.870 [main] INFO  o.s.c.s.PostProcessorRegistrationDelegate$BeanPostProcessorChecker : Bean 'passwordCredentialsMatcher' of type [datart.security.manager.shiro.PasswordCredentialsMatcher] is not eligible for getting processed by all BeanPostProcessors (for example: not eligible for auto-proxying)
2022-09-07 13:50:51.881 [main] INFO  o.s.c.s.PostProcessorRegistrationDelegate$BeanPostProcessorChecker : Bean 'realm' of type [datart.security.manager.shiro.DatartRealm] is not eligible for getting processed by all BeanPostProcessors (for example: not eligible for auto-proxying)
2022-09-07 13:50:51.899 [main] INFO  o.s.c.s.PostProcessorRegistrationDelegate$BeanPostProcessorChecker : Bean 'sessionStorageEvaluator' of type [org.apache.shiro.mgt.DefaultSessionStorageEvaluator] is not eligible for getting processed by all BeanPostProcessors (for example: not eligible for auto-proxying)
2022-09-07 13:50:51.899 [main] INFO  o.s.c.s.PostProcessorRegistrationDelegate$BeanPostProcessorChecker : Bean 'subjectDAO' of type [org.apache.shiro.mgt.DefaultSubjectDAO] is not eligible for getting processed by all BeanPostProcessors (for example: not eligible for auto-proxying)
2022-09-07 13:50:51.901 [main] INFO  o.s.c.s.PostProcessorRegistrationDelegate$BeanPostProcessorChecker : Bean 'subjectFactory' of type [org.apache.shiro.mgt.DefaultSubjectFactory] is not eligible for getting processed by all BeanPostProcessors (for example: not eligible for auto-proxying)
2022-09-07 13:50:51.902 [main] INFO  o.s.c.s.PostProcessorRegistrationDelegate$BeanPostProcessorChecker : Bean 'authenticationStrategy' of type [org.apache.shiro.authc.pam.AtLeastOneSuccessfulStrategy] is not eligible for getting processed by all BeanPostProcessors (for example: not eligible for auto-proxying)
2022-09-07 13:50:51.903 [main] INFO  o.s.c.s.PostProcessorRegistrationDelegate$BeanPostProcessorChecker : Bean 'authenticator' of type [org.apache.shiro.authc.pam.ModularRealmAuthenticator] is not eligible for getting processed by all BeanPostProcessors (for example: not eligible for auto-proxying)
2022-09-07 13:50:51.904 [main] INFO  o.s.c.s.PostProcessorRegistrationDelegate$BeanPostProcessorChecker : Bean 'authorizer' of type [org.apache.shiro.authz.ModularRealmAuthorizer] is not eligible for getting processed by all BeanPostProcessors (for example: not eligible for auto-proxying)
2022-09-07 13:50:51.907 [main] INFO  o.s.c.s.PostProcessorRegistrationDelegate$BeanPostProcessorChecker : Bean 'sessionDAO' of type [org.apache.shiro.session.mgt.eis.MemorySessionDAO] is not eligible for getting processed by all BeanPostProcessors (for example: not eligible for auto-proxying)
2022-09-07 13:50:51.908 [main] INFO  o.s.c.s.PostProcessorRegistrationDelegate$BeanPostProcessorChecker : Bean 'sessionFactory' of type [org.apache.shiro.session.mgt.SimpleSessionFactory] is not eligible for getting processed by all BeanPostProcessors (for example: not eligible for auto-proxying)
2022-09-07 13:50:51.911 [main] INFO  o.s.c.s.PostProcessorRegistrationDelegate$BeanPostProcessorChecker : Bean 'sessionManager' of type [org.apache.shiro.session.mgt.DefaultSessionManager] is not eligible for getting processed by all BeanPostProcessors (for example: not eligible for auto-proxying)
2022-09-07 13:50:51.914 [main] INFO  o.s.c.s.PostProcessorRegistrationDelegate$BeanPostProcessorChecker : Bean 'securityManager' of type [org.apache.shiro.mgt.DefaultSecurityManager] is not eligible for getting processed by all BeanPostProcessors (for example: not eligible for auto-proxying)
2022-09-07 13:50:51.927 [main] INFO  o.s.c.s.PostProcessorRegistrationDelegate$BeanPostProcessorChecker : Bean 'authorizationAttributeSourceAdvisor' of type [org.apache.shiro.spring.security.interceptor.AuthorizationAttributeSourceAdvisor] is not eligible for getting processed by all BeanPostProcessors (for example: not eligible for auto-proxying)
2022-09-07 13:50:52.294 [main] INFO  o.s.boot.web.embedded.tomcat.TomcatWebServer : Tomcat initialized with port(s): 8080 (http)
2022-09-07 13:50:52.305 [main] INFO  org.apache.coyote.http11.Http11NioProtocol : Initializing ProtocolHandler ["http-nio-0.0.0.0-8080"]
2022-09-07 13:50:52.306 [main] INFO  org.apache.catalina.core.StandardService : Starting service [Tomcat]
2022-09-07 13:50:52.306 [main] INFO  org.apache.catalina.core.StandardEngine : Starting Servlet engine: [Apache Tomcat/9.0.43]
2022-09-07 13:50:52.527 [main] INFO  o.a.c.core.ContainerBase.[Tomcat].[localhost].[/] : Initializing Spring embedded WebApplicationContext
2022-09-07 13:50:52.527 [main] INFO  o.s.b.w.s.c.ServletWebServerApplicationContext : Root WebApplicationContext: initialization completed in 4095 ms
2022-09-07 13:50:52.919 [main] INFO  o.s.ldap.core.support.AbstractContextSource : Property 'userDn' not set - anonymous context will be used for read-write operations
2022-09-07 13:50:53.730 [main] INFO  org.quartz.impl.StdSchedulerFactory : Using default implementation for ThreadExecutor
2022-09-07 13:50:53.743 [main] INFO  org.quartz.core.SchedulerSignalerImpl : Initialized Scheduler Signaller of type: class org.quartz.core.SchedulerSignalerImpl
2022-09-07 13:50:53.744 [main] INFO  org.quartz.core.QuartzScheduler : Quartz Scheduler v.2.3.2 created.
2022-09-07 13:50:53.748 [main] INFO  o.s.scheduling.quartz.LocalDataSourceJobStore : Using db table-based data access locking (synchronization).
2022-09-07 13:50:53.750 [main] INFO  o.s.scheduling.quartz.LocalDataSourceJobStore : JobStoreCMT initialized.
2022-09-07 13:50:53.750 [main] INFO  org.quartz.core.QuartzScheduler : Scheduler meta-data: Quartz Scheduler (v2.3.2) 'DatartScheduleCluster' with instanceId 'SH-OD-009WD1662529853732'
  Scheduler class: 'org.quartz.core.QuartzScheduler' - running locally.
  NOT STARTED.
  Currently in standby mode.
  Number of jobs executed: 0
  Using thread pool 'org.quartz.simpl.SimpleThreadPool' - with 10 threads.
  Using job-store 'org.springframework.scheduling.quartz.LocalDataSourceJobStore' - which supports persistence. and is clustered.

2022-09-07 13:50:53.750 [main] INFO  org.quartz.impl.StdSchedulerFactory : Quartz scheduler 'DatartScheduleCluster' initialized from an externally provided properties instance.
2022-09-07 13:50:53.750 [main] INFO  org.quartz.impl.StdSchedulerFactory : Quartz scheduler version: 2.3.2
2022-09-07 13:50:53.751 [main] INFO  org.quartz.core.QuartzScheduler : JobFactory set to: org.springframework.scheduling.quartz.SpringBeanJobFactory@3c3cd7a5
2022-09-07 13:50:55.207 [main] INFO  s.d.s.w.PropertySourcedRequestMappingHandlerMapping : Mapped URL path [/v2/api-docs] onto method [springfox.documentation.swagger2.web.Swagger2Controller#getDocumentation(String, HttpServletRequest)]
2022-09-07 13:50:55.483 [main] INFO  o.s.security.web.DefaultSecurityFilterChain : Will secure Ant [pattern='/api/v1/tpa'] with []
2022-09-07 13:50:55.532 [main] INFO  o.s.security.web.DefaultSecurityFilterChain : Will secure any request with [org.springframework.security.web.context.request.async.WebAsyncManagerIntegrationFilter@e296794, org.springframework.security.web.context.SecurityContextPersistenceFilter@29d81c22, org.springframework.security.web.header.HeaderWriterFilter@430f0c63, org.springframework.security.web.authentication.logout.LogoutFilter@3a663a45, org.springframework.security.web.savedrequest.RequestCacheAwareFilter@18d396eb, org.springframework.security.web.servletapi.SecurityContextHolderAwareRequestFilter@2b66bf1c, org.springframework.security.web.authentication.AnonymousAuthenticationFilter@988c126, org.springframework.security.web.session.SessionManagementFilter@25a2c4dc, org.springframework.security.web.access.ExceptionTranslationFilter@64eb14da]
2022-09-07 13:50:55.822 [main] INFO  o.s.scheduling.concurrent.ThreadPoolTaskExecutor : Initializing ExecutorService 'applicationTaskExecutor'
2022-09-07 13:50:56.433 [main] INFO  org.apache.coyote.http11.Http11NioProtocol : Starting ProtocolHandler ["http-nio-0.0.0.0-8080"]
2022-09-07 13:50:56.459 [main] INFO  o.s.boot.web.embedded.tomcat.TomcatWebServer : Tomcat started on port(s): 8080 (http) with context path ''
2022-09-07 13:50:56.460 [main] INFO  s.d.s.web.plugins.DocumentationPluginsBootstrapper : Context refreshed
2022-09-07 13:50:56.478 [main] INFO  s.d.s.web.plugins.DocumentationPluginsBootstrapper : Found 1 custom documentation plugin(s)
2022-09-07 13:50:56.779 [main] INFO  s.d.spring.web.scanners.ApiListingReferenceScanner : Scanning for api listing references
2022-09-07 13:50:57.358 [main] INFO  s.d.s.w.r.operation.CachingOperationNameGenerator : Generating unique operation named: executeUsingPOST_1
2022-09-07 13:50:57.486 [main] INFO  s.d.s.w.r.operation.CachingOperationNameGenerator : Generating unique operation named: downloadFileUsingGET_1
2022-09-07 13:50:57.497 [main] INFO  s.d.s.w.r.operation.CachingOperationNameGenerator : Generating unique operation named: executeUsingPOST_2
2022-09-07 13:50:57.710 [main] INFO  s.d.s.w.r.operation.CachingOperationNameGenerator : Generating unique operation named: checkNameUsingPOST_1
2022-09-07 13:50:57.718 [main] INFO  s.d.s.w.r.operation.CachingOperationNameGenerator : Generating unique operation named: createUsingPOST_1
2022-09-07 13:50:57.735 [main] INFO  s.d.s.w.r.operation.CachingOperationNameGenerator : Generating unique operation named: getSubjectVariableValuesUsingGET_1
2022-09-07 13:50:57.788 [main] INFO  s.d.s.w.r.operation.CachingOperationNameGenerator : Generating unique operation named: listArchivedUsingGET_1
2022-09-07 13:50:57.798 [main] INFO  s.d.s.w.r.operation.CachingOperationNameGenerator : Generating unique operation named: unarchiveUsingPUT_1
2022-09-07 13:50:58.131 [main] INFO  s.d.s.w.r.operation.CachingOperationNameGenerator : Generating unique operation named: getDatachartUsingGET_1
2022-09-07 13:50:58.176 [main] WARN  s.d.s.w.readers.parameter.ParameterDataTypeReader : Trying to infer dataType datart.server.base.transfer.ImportStrategy
2022-09-07 13:50:58.489 [main] INFO  o.s.scheduling.quartz.SchedulerFactoryBean : Starting Quartz Scheduler now
2022-09-07 13:50:58.586 [main] INFO  o.s.scheduling.quartz.LocalDataSourceJobStore : ClusterManager: detected 1 failed or restarted instances.
2022-09-07 13:50:58.587 [main] INFO  o.s.scheduling.quartz.LocalDataSourceJobStore : ClusterManager: Scanning for instance "SH-OD-009WD1662083649632"'s failed in-progress jobs.
2022-09-07 13:50:58.609 [main] INFO  org.quartz.core.QuartzScheduler : Scheduler DatartScheduleCluster_$_SH-OD-009WD1662529853732 started.
2022-09-07 13:50:58.618 [QuartzScheduler_DatartScheduleCluster-SH-OD-009WD1662529853732_MisfireHandler] INFO  o.s.scheduling.quartz.LocalDataSourceJobStore : Handling 1 trigger(s) that missed their scheduled fire-time.
2022-09-07 13:50:58.619 [main] INFO  datart.DatartServerApplication : Started DatartServerApplication in 10.815 seconds (JVM running for 13.328)
2022-09-07 13:50:58.620 [main] INFO  datart.server.config.AppModeStartConfig : The application is running in PLATFORM tenant-management-mode.
2022-09-07 13:52:05.173 [DatartScheduleCluster_Worker-1] INFO  d.data.provider.jdbc.DataSourceFactoryDruidImpl : druid data source created (DataSource-1865136911)
2022-09-07 13:52:05.179 [DatartScheduleCluster_Worker-1] INFO  com.alibaba.druid.pool.DruidDataSource : {dataSource-2} inited
2022-09-07 13:52:53.767 [http-nio-0.0.0.0-8080-exec-1] INFO  o.a.c.core.ContainerBase.[Tomcat].[localhost].[/] : Initializing Spring DispatcherServlet 'dispatcherServlet'
2022-09-07 13:52:53.768 [http-nio-0.0.0.0-8080-exec-1] INFO  org.springframework.web.servlet.DispatcherServlet : Initializing Servlet 'dispatcherServlet'
2022-09-07 13:52:53.770 [http-nio-0.0.0.0-8080-exec-1] INFO  org.springframework.web.servlet.DispatcherServlet : Completed initialization in 2 ms
2022-09-07 13:53:02.936 [http-nio-0.0.0.0-8080-exec-3] INFO  o.a.s.session.mgt.AbstractValidatingSessionManager : Enabling session validation scheduler...
2022-09-07 13:53:03.702 [http-nio-0.0.0.0-8080-exec-8] WARN  com.alibaba.druid.pool.DruidAbstractDataSource : discard long time none received connection. , jdbcUrl : jdbc:mysql://localhost:3306/datart?rewriteBatchedStatements=true&allowPublicKeyRetrieval=true&failOverReadOnly=false&allowMultiQueries=true&characterEncoding=utf-8&autoReconnect=true&allowLoadLocalInfile=true&useSSL=false, version : 1.2.4, lastPacketReceivedIdleMillis : 125059
2022-09-07 13:53:22.092 [http-nio-0.0.0.0-8080-exec-3] WARN  org.apache.ibatis.io.SerialFilterChecker : As you are using functionality that deserializes object streams, it is recommended to define the JEP-290 serial filter. Please refer to https://docs.oracle.com/pls/topic/lookup?ctx=javase15&id=GUID-8296D8E8-2B93-4B9A-856E-0A65AF9B8C66
2022-09-07 14:05:24.221 [http-nio-0.0.0.0-8080-exec-8] WARN  com.alibaba.druid.pool.DruidAbstractDataSource : discard long time none received connection. , jdbcUrl : jdbc:mysql://localhost:3306/datart?rewriteBatchedStatements=true&allowPublicKeyRetrieval=true&failOverReadOnly=false&allowMultiQueries=true&characterEncoding=utf-8&autoReconnect=true&allowLoadLocalInfile=true&useSSL=false, version : 1.2.4, lastPacketReceivedIdleMillis : 739707
2022-09-07 14:12:43.868 [DatartScheduleCluster_QuartzSchedulerThread] WARN  com.alibaba.druid.pool.DruidAbstractDataSource : discard long time none received connection. , jdbcUrl : jdbc:mysql://localhost:3306/datart?rewriteBatchedStatements=true&allowPublicKeyRetrieval=true&failOverReadOnly=false&allowMultiQueries=true&characterEncoding=utf-8&autoReconnect=true&allowLoadLocalInfile=true&useSSL=false, version : 1.2.4, lastPacketReceivedIdleMillis : 439537
2022-09-07 14:31:11.922 [http-nio-0.0.0.0-8080-exec-2] WARN  com.alibaba.druid.pool.DruidAbstractDataSource : discard long time none received connection. , jdbcUrl : jdbc:mysql://localhost:3306/datart?rewriteBatchedStatements=true&allowPublicKeyRetrieval=true&failOverReadOnly=false&allowMultiQueries=true&characterEncoding=utf-8&autoReconnect=true&allowLoadLocalInfile=true&useSSL=false, version : 1.2.4, lastPacketReceivedIdleMillis : 1108045
2022-09-07 14:31:11.924 [http-nio-0.0.0.0-8080-exec-2] WARN  com.alibaba.druid.pool.DruidAbstractDataSource : discard long time none received connection. , jdbcUrl : jdbc:mysql://localhost:3306/datart?rewriteBatchedStatements=true&allowPublicKeyRetrieval=true&failOverReadOnly=false&allowMultiQueries=true&characterEncoding=utf-8&autoReconnect=true&allowLoadLocalInfile=true&useSSL=false, version : 1.2.4, lastPacketReceivedIdleMillis : 1547601
2022-09-07 14:52:04.081 [DatartScheduleCluster_Worker-2] INFO  d.data.provider.jdbc.DataSourceFactoryDruidImpl : druid data source created (DataSource-1375332200)
2022-09-07 14:52:04.099 [DatartScheduleCluster_Worker-2] INFO  com.alibaba.druid.pool.DruidDataSource : {dataSource-3} inited
2022-09-07 14:53:02.941 [SessionValidationThread-1] INFO  o.a.s.session.mgt.AbstractValidatingSessionManager : Validating all active sessions...
2022-09-07 14:53:02.941 [SessionValidationThread-1] INFO  o.a.s.session.mgt.AbstractValidatingSessionManager : Finished session validation.  No sessions were stopped.
2022-09-07 15:11:59.509 [http-nio-0.0.0.0-8080-exec-4] ERROR datart.server.config.WebExceptionHandler : java.sql.SQLException: Access denied for user 'root'@'localhost' (using password: NO)
datart.core.base.exception.BaseException: java.sql.SQLException: Access denied for user 'root'@'localhost' (using password: NO)
	at datart.core.base.exception.Exceptions.e(Exceptions.java:44)
	at datart.data.provider.jdbc.adapters.JdbcDataProviderAdapter.test(JdbcDataProviderAdapter.java:107)
	at datart.data.provider.JdbcDataProvider.test(JdbcDataProvider.java:67)
	at datart.data.provider.ProviderManager.testConnection(ProviderManager.java:82)
	at datart.server.service.impl.DataProviderServiceImpl.testConnection(DataProviderServiceImpl.java:121)
	at datart.server.controller.DataProviderController.testConnection(DataProviderController.java:62)
	at sun.reflect.NativeMethodAccessorImpl.invoke0(Native Method)
	at sun.reflect.NativeMethodAccessorImpl.invoke(NativeMethodAccessorImpl.java:62)
	at sun.reflect.DelegatingMethodAccessorImpl.invoke(DelegatingMethodAccessorImpl.java:43)
	at java.lang.reflect.Method.invoke(Method.java:498)
	at org.springframework.web.method.support.InvocableHandlerMethod.doInvoke(InvocableHandlerMethod.java:197)
	at org.springframework.web.method.support.InvocableHandlerMethod.invokeForRequest(InvocableHandlerMethod.java:141)
	at org.springframework.web.servlet.mvc.method.annotation.ServletInvocableHandlerMethod.invokeAndHandle(ServletInvocableHandlerMethod.java:106)
	at org.springframework.web.servlet.mvc.method.annotation.RequestMappingHandlerAdapter.invokeHandlerMethod(RequestMappingHandlerAdapter.java:894)
	at org.springframework.web.servlet.mvc.method.annotation.RequestMappingHandlerAdapter.handleInternal(RequestMappingHandlerAdapter.java:808)
	at org.springframework.web.servlet.mvc.method.AbstractHandlerMethodAdapter.handle(AbstractHandlerMethodAdapter.java:87)
	at org.springframework.web.servlet.DispatcherServlet.doDispatch(DispatcherServlet.java:1060)
	at org.springframework.web.servlet.DispatcherServlet.doService(DispatcherServlet.java:962)
	at org.springframework.web.servlet.FrameworkServlet.processRequest(FrameworkServlet.java:1006)
	at org.springframework.web.servlet.FrameworkServlet.doPost(FrameworkServlet.java:909)
	at javax.servlet.http.HttpServlet.service(HttpServlet.java:652)
	at org.springframework.web.servlet.FrameworkServlet.service(FrameworkServlet.java:883)
	at javax.servlet.http.HttpServlet.service(HttpServlet.java:733)
	at org.apache.catalina.core.ApplicationFilterChain.internalDoFilter(ApplicationFilterChain.java:227)
	at org.apache.catalina.core.ApplicationFilterChain.doFilter(ApplicationFilterChain.java:162)
	at org.apache.tomcat.websocket.server.WsFilter.doFilter(WsFilter.java:53)
	at org.apache.catalina.core.ApplicationFilterChain.internalDoFilter(ApplicationFilterChain.java:189)
	at org.apache.catalina.core.ApplicationFilterChain.doFilter(ApplicationFilterChain.java:162)
	at org.springframework.security.web.FilterChainProxy$VirtualFilterChain.doFilter(FilterChainProxy.java:327)
	at org.springframework.security.web.access.ExceptionTranslationFilter.doFilter(ExceptionTranslationFilter.java:119)
	at org.springframework.security.web.access.ExceptionTranslationFilter.doFilter(ExceptionTranslationFilter.java:113)
	at org.springframework.security.web.FilterChainProxy$VirtualFilterChain.doFilter(FilterChainProxy.java:336)
	at org.springframework.security.web.session.SessionManagementFilter.doFilter(SessionManagementFilter.java:126)
	at org.springframework.security.web.session.SessionManagementFilter.doFilter(SessionManagementFilter.java:81)
	at org.springframework.security.web.FilterChainProxy$VirtualFilterChain.doFilter(FilterChainProxy.java:336)
	at org.springframework.security.web.authentication.AnonymousAuthenticationFilter.doFilter(AnonymousAuthenticationFilter.java:105)
	at org.springframework.security.web.FilterChainProxy$VirtualFilterChain.doFilter(FilterChainProxy.java:336)
	at org.springframework.security.web.servletapi.SecurityContextHolderAwareRequestFilter.doFilter(SecurityContextHolderAwareRequestFilter.java:149)
	at org.springframework.security.web.FilterChainProxy$VirtualFilterChain.doFilter(FilterChainProxy.java:336)
	at org.springframework.security.web.savedrequest.RequestCacheAwareFilter.doFilter(RequestCacheAwareFilter.java:63)
	at org.springframework.security.web.FilterChainProxy$VirtualFilterChain.doFilter(FilterChainProxy.java:336)
	at org.springframework.security.web.authentication.logout.LogoutFilter.doFilter(LogoutFilter.java:103)
	at org.springframework.security.web.authentication.logout.LogoutFilter.doFilter(LogoutFilter.java:89)
	at org.springframework.security.web.FilterChainProxy$VirtualFilterChain.doFilter(FilterChainProxy.java:336)
	at org.springframework.security.web.header.HeaderWriterFilter.doHeadersAfter(HeaderWriterFilter.java:90)
	at org.springframework.security.web.header.HeaderWriterFilter.doFilterInternal(HeaderWriterFilter.java:75)
	at org.springframework.web.filter.OncePerRequestFilter.doFilter(OncePerRequestFilter.java:119)
	at org.springframework.security.web.FilterChainProxy$VirtualFilterChain.doFilter(FilterChainProxy.java:336)
	at org.springframework.security.web.context.SecurityContextPersistenceFilter.doFilter(SecurityContextPersistenceFilter.java:110)
	at org.springframework.security.web.context.SecurityContextPersistenceFilter.doFilter(SecurityContextPersistenceFilter.java:80)
	at org.springframework.security.web.FilterChainProxy$VirtualFilterChain.doFilter(FilterChainProxy.java:336)
	at org.springframework.security.web.context.request.async.WebAsyncManagerIntegrationFilter.doFilterInternal(WebAsyncManagerIntegrationFilter.java:55)
	at org.springframework.web.filter.OncePerRequestFilter.doFilter(OncePerRequestFilter.java:119)
	at org.springframework.security.web.FilterChainProxy$VirtualFilterChain.doFilter(FilterChainProxy.java:336)
	at org.springframework.security.web.FilterChainProxy.doFilterInternal(FilterChainProxy.java:211)
	at org.springframework.security.web.FilterChainProxy.doFilter(FilterChainProxy.java:183)
	at org.springframework.web.filter.DelegatingFilterProxy.invokeDelegate(DelegatingFilterProxy.java:358)
	at org.springframework.web.filter.DelegatingFilterProxy.doFilter(DelegatingFilterProxy.java:271)
	at org.apache.catalina.core.ApplicationFilterChain.internalDoFilter(ApplicationFilterChain.java:189)
	at org.apache.catalina.core.ApplicationFilterChain.doFilter(ApplicationFilterChain.java:162)
	at org.springframework.web.filter.RequestContextFilter.doFilterInternal(RequestContextFilter.java:100)
	at org.springframework.web.filter.OncePerRequestFilter.doFilter(OncePerRequestFilter.java:119)
	at org.apache.catalina.core.ApplicationFilterChain.internalDoFilter(ApplicationFilterChain.java:189)
	at org.apache.catalina.core.ApplicationFilterChain.doFilter(ApplicationFilterChain.java:162)
	at org.springframework.web.filter.FormContentFilter.doFilterInternal(FormContentFilter.java:93)
	at org.springframework.web.filter.OncePerRequestFilter.doFilter(OncePerRequestFilter.java:119)
	at org.apache.catalina.core.ApplicationFilterChain.internalDoFilter(ApplicationFilterChain.java:189)
	at org.apache.catalina.core.ApplicationFilterChain.doFilter(ApplicationFilterChain.java:162)
	at org.springframework.web.filter.CharacterEncodingFilter.doFilterInternal(CharacterEncodingFilter.java:201)
	at org.springframework.web.filter.OncePerRequestFilter.doFilter(OncePerRequestFilter.java:119)
	at org.apache.catalina.core.ApplicationFilterChain.internalDoFilter(ApplicationFilterChain.java:189)
	at org.apache.catalina.core.ApplicationFilterChain.doFilter(ApplicationFilterChain.java:162)
	at org.apache.catalina.core.StandardWrapperValve.invoke(StandardWrapperValve.java:202)
	at org.apache.catalina.core.StandardContextValve.invoke(StandardContextValve.java:97)
	at org.apache.catalina.authenticator.AuthenticatorBase.invoke(AuthenticatorBase.java:542)
	at org.apache.catalina.core.StandardHostValve.invoke(StandardHostValve.java:143)
	at org.apache.catalina.valves.ErrorReportValve.invoke(ErrorReportValve.java:92)
	at org.apache.catalina.core.StandardEngineValve.invoke(StandardEngineValve.java:78)
	at org.apache.catalina.connector.CoyoteAdapter.service(CoyoteAdapter.java:346)
	at org.apache.coyote.http11.Http11Processor.service(Http11Processor.java:374)
	at org.apache.coyote.AbstractProcessorLight.process(AbstractProcessorLight.java:65)
	at org.apache.coyote.AbstractProtocol$ConnectionHandler.process(AbstractProtocol.java:887)
	at org.apache.tomcat.util.net.NioEndpoint$SocketProcessor.doRun(NioEndpoint.java:1684)
	at org.apache.tomcat.util.net.SocketProcessorBase.run(SocketProcessorBase.java:49)
	at java.util.concurrent.ThreadPoolExecutor.runWorker(ThreadPoolExecutor.java:1149)
	at java.util.concurrent.ThreadPoolExecutor$Worker.run(ThreadPoolExecutor.java:624)
	at org.apache.tomcat.util.threads.TaskThread$WrappingRunnable.run(TaskThread.java:61)
	at java.lang.Thread.run(Thread.java:748)
Caused by: java.sql.SQLException: Access denied for user 'root'@'localhost' (using password: NO)
	at com.mysql.cj.jdbc.exceptions.SQLError.createSQLException(SQLError.java:129)
	at com.mysql.cj.jdbc.exceptions.SQLExceptionsMapping.translateException(SQLExceptionsMapping.java:122)
	at com.mysql.cj.jdbc.ConnectionImpl.createNewIO(ConnectionImpl.java:833)
	at com.mysql.cj.jdbc.ConnectionImpl.<init>(ConnectionImpl.java:453)
	at com.mysql.cj.jdbc.ConnectionImpl.getInstance(ConnectionImpl.java:246)
	at com.mysql.cj.jdbc.NonRegisteringDriver.connect(NonRegisteringDriver.java:198)
	at java.sql.DriverManager.getConnection(DriverManager.java:664)
	at java.sql.DriverManager.getConnection(DriverManager.java:247)
	at datart.data.provider.jdbc.adapters.JdbcDataProviderAdapter.test(JdbcDataProviderAdapter.java:105)
	... 86 common frames omitted
2022-09-07 15:13:28.205 [http-nio-0.0.0.0-8080-exec-7] WARN  com.alibaba.druid.pool.DruidAbstractDataSource : discard long time none received connection. , jdbcUrl : jdbc:mysql://localhost:3306/datart?rewriteBatchedStatements=true&allowPublicKeyRetrieval=true&failOverReadOnly=false&allowMultiQueries=true&characterEncoding=utf-8&autoReconnect=true&allowLoadLocalInfile=true&useSSL=false, version : 1.2.4, lastPacketReceivedIdleMillis : 623807
2022-09-07 15:13:28.208 [http-nio-0.0.0.0-8080-exec-8] WARN  com.alibaba.druid.pool.DruidAbstractDataSource : discard long time none received connection. , jdbcUrl : jdbc:mysql://localhost:3306/datart?rewriteBatchedStatements=true&allowPublicKeyRetrieval=true&failOverReadOnly=false&allowMultiQueries=true&characterEncoding=utf-8&autoReconnect=true&allowLoadLocalInfile=true&useSSL=false, version : 1.2.4, lastPacketReceivedIdleMillis : 624492
2022-09-07 15:14:42.628 [http-nio-0.0.0.0-8080-exec-9] WARN  com.alibaba.druid.pool.DruidAbstractDataSource : discard long time none received connection. , jdbcUrl : jdbc:mysql://localhost:3306/datart?rewriteBatchedStatements=true&allowPublicKeyRetrieval=true&failOverReadOnly=false&allowMultiQueries=true&characterEncoding=utf-8&autoReconnect=true&allowLoadLocalInfile=true&useSSL=false, version : 1.2.4, lastPacketReceivedIdleMillis : 74326
2022-09-07 15:27:01.692 [http-nio-0.0.0.0-8080-exec-1] WARN  com.alibaba.druid.pool.DruidAbstractDataSource : discard long time none received connection. , jdbcUrl : jdbc:mysql://localhost:3306/datart?rewriteBatchedStatements=true&allowPublicKeyRetrieval=true&failOverReadOnly=false&allowMultiQueries=true&characterEncoding=utf-8&autoReconnect=true&allowLoadLocalInfile=true&useSSL=false, version : 1.2.4, lastPacketReceivedIdleMillis : 739058
2022-09-07 15:30:09.696 [DatartScheduleCluster_QuartzSchedulerThread] WARN  com.alibaba.druid.pool.DruidAbstractDataSource : discard long time none received connection. , jdbcUrl : jdbc:mysql://localhost:3306/datart?rewriteBatchedStatements=true&allowPublicKeyRetrieval=true&failOverReadOnly=false&allowMultiQueries=true&characterEncoding=utf-8&autoReconnect=true&allowLoadLocalInfile=true&useSSL=false, version : 1.2.4, lastPacketReceivedIdleMillis : 185179
2022-09-07 15:52:04.056 [DatartScheduleCluster_Worker-3] INFO  d.data.provider.jdbc.DataSourceFactoryDruidImpl : druid data source created (DataSource-1467451927)
2022-09-07 15:52:04.071 [DatartScheduleCluster_Worker-3] INFO  com.alibaba.druid.pool.DruidDataSource : {dataSource-4} inited
2022-09-07 15:53:02.938 [SessionValidationThread-1] INFO  o.a.s.session.mgt.AbstractValidatingSessionManager : Validating all active sessions...
2022-09-07 15:53:02.939 [SessionValidationThread-1] INFO  o.a.s.session.mgt.AbstractValidatingSessionManager : Finished session validation.  No sessions were stopped.
2022-09-07 16:53:02.938 [SessionValidationThread-1] INFO  o.a.s.session.mgt.AbstractValidatingSessionManager : Validating all active sessions...
2022-09-07 16:53:02.941 [SessionValidationThread-1] INFO  o.a.s.session.mgt.AbstractValidatingSessionManager : Finished session validation.  No sessions were stopped.
2022-09-07 17:53:02.938 [SessionValidationThread-1] INFO  o.a.s.session.mgt.AbstractValidatingSessionManager : Validating all active sessions...
2022-09-07 17:53:02.939 [SessionValidationThread-1] INFO  o.a.s.session.mgt.AbstractValidatingSessionManager : Finished session validation.  No sessions were stopped.
2022-09-07 18:18:56.902 [DatartScheduleCluster_QuartzSchedulerThread] WARN  com.alibaba.druid.pool.DruidAbstractDataSource : discard long time none received connection. , jdbcUrl : jdbc:mysql://localhost:3306/datart?rewriteBatchedStatements=true&allowPublicKeyRetrieval=true&failOverReadOnly=false&allowMultiQueries=true&characterEncoding=utf-8&autoReconnect=true&allowLoadLocalInfile=true&useSSL=false, version : 1.2.4, lastPacketReceivedIdleMillis : 695121
2022-09-07 18:53:02.938 [SessionValidationThread-1] INFO  o.a.s.session.mgt.AbstractValidatingSessionManager : Validating all active sessions...
2022-09-07 18:53:02.938 [SessionValidationThread-1] INFO  o.a.s.session.mgt.AbstractValidatingSessionManager : Finished session validation.  No sessions were stopped.
2022-09-07 19:53:02.940 [SessionValidationThread-1] INFO  o.a.s.session.mgt.AbstractValidatingSessionManager : Validating all active sessions...
2022-09-07 19:53:02.940 [SessionValidationThread-1] INFO  o.a.s.session.mgt.AbstractValidatingSessionManager : Finished session validation.  No sessions were stopped.
2022-09-07 20:53:02.939 [SessionValidationThread-1] INFO  o.a.s.session.mgt.AbstractValidatingSessionManager : Validating all active sessions...
2022-09-07 20:53:02.942 [SessionValidationThread-1] INFO  o.a.s.session.mgt.AbstractValidatingSessionManager : Finished session validation.  No sessions were stopped.
2022-09-07 21:53:02.938 [SessionValidationThread-1] INFO  o.a.s.session.mgt.AbstractValidatingSessionManager : Validating all active sessions...
2022-09-07 21:53:02.944 [SessionValidationThread-1] INFO  o.a.s.session.mgt.AbstractValidatingSessionManager : Finished session validation.  No sessions were stopped.
2022-09-07 22:53:02.939 [SessionValidationThread-1] INFO  o.a.s.session.mgt.AbstractValidatingSessionManager : Validating all active sessions...
2022-09-07 22:53:02.939 [SessionValidationThread-1] INFO  o.a.s.session.mgt.AbstractValidatingSessionManager : Finished session validation.  No sessions were stopped.
2022-09-07 23:53:02.939 [SessionValidationThread-1] INFO  o.a.s.session.mgt.AbstractValidatingSessionManager : Validating all active sessions...
2022-09-07 23:53:02.939 [SessionValidationThread-1] INFO  o.a.s.session.mgt.AbstractValidatingSessionManager : Finished session validation.  No sessions were stopped.
