2022-10-25 00:00:33.405 [SessionValidationThread-1] INFO  o.a.s.session.mgt.AbstractValidatingSessionManager : Validating all active sessions...
2022-10-25 00:00:33.405 [SessionValidationThread-1] INFO  o.a.s.session.mgt.AbstractValidatingSessionManager : Finished session validation.  No sessions were stopped.
2022-10-25 01:00:33.404 [SessionValidationThread-1] INFO  o.a.s.session.mgt.AbstractValidatingSessionManager : Validating all active sessions...
2022-10-25 01:00:33.404 [SessionValidationThread-1] INFO  o.a.s.session.mgt.AbstractValidatingSessionManager : Finished session validation.  No sessions were stopped.
2022-10-25 01:29:33.897 [DatartScheduleCluster_QuartzSchedulerThread] WARN  com.alibaba.druid.pool.DruidAbstractDataSource : discard long time none received connection. , jdbcUrl : jdbc:mysql://localhost:3306/datart?rewriteBatchedStatements=true&allowPublicKeyRetrieval=true&failOverReadOnly=false&allowMultiQueries=true&characterEncoding=utf-8&autoReconnect=true&allowLoadLocalInfile=true&useSSL=false, version : 1.2.4, lastPacketReceivedIdleMillis : 205035
2022-10-25 01:52:04.040 [DatartScheduleCluster_Worker-4] WARN  com.alibaba.druid.pool.DruidAbstractDataSource : discard long time none received connection. , jdbcUrl : jdbc:mysql://localhost:3306/datart?rewriteBatchedStatements=true&allowPublicKeyRetrieval=true&failOverReadOnly=false&allowMultiQueries=true&characterEncoding=utf-8&autoReconnect=true&allowLoadLocalInfile=true&useSSL=false, version : 1.2.4, lastPacketReceivedIdleMillis : 1350140
2022-10-25 02:00:33.406 [SessionValidationThread-1] INFO  o.a.s.session.mgt.AbstractValidatingSessionManager : Validating all active sessions...
2022-10-25 02:00:33.406 [SessionValidationThread-1] INFO  o.a.s.session.mgt.AbstractValidatingSessionManager : Finished session validation.  No sessions were stopped.
2022-10-25 03:00:33.405 [SessionValidationThread-1] INFO  o.a.s.session.mgt.AbstractValidatingSessionManager : Validating all active sessions...
2022-10-25 03:00:33.405 [SessionValidationThread-1] INFO  o.a.s.session.mgt.AbstractValidatingSessionManager : Finished session validation.  No sessions were stopped.
2022-10-25 04:00:33.404 [SessionValidationThread-1] INFO  o.a.s.session.mgt.AbstractValidatingSessionManager : Validating all active sessions...
2022-10-25 04:00:33.404 [SessionValidationThread-1] INFO  o.a.s.session.mgt.AbstractValidatingSessionManager : Finished session validation.  No sessions were stopped.
2022-10-25 05:00:33.404 [SessionValidationThread-1] INFO  o.a.s.session.mgt.AbstractValidatingSessionManager : Validating all active sessions...
2022-10-25 05:00:33.404 [SessionValidationThread-1] INFO  o.a.s.session.mgt.AbstractValidatingSessionManager : Finished session validation.  No sessions were stopped.
2022-10-25 05:08:35.630 [DatartScheduleCluster_QuartzSchedulerThread] WARN  com.alibaba.druid.pool.DruidAbstractDataSource : discard long time none received connection. , jdbcUrl : jdbc:mysql://localhost:3306/datart?rewriteBatchedStatements=true&allowPublicKeyRetrieval=true&failOverReadOnly=false&allowMultiQueries=true&characterEncoding=utf-8&autoReconnect=true&allowLoadLocalInfile=true&useSSL=false, version : 1.2.4, lastPacketReceivedIdleMillis : 991587
2022-10-25 06:00:33.404 [SessionValidationThread-1] INFO  o.a.s.session.mgt.AbstractValidatingSessionManager : Validating all active sessions...
2022-10-25 06:00:33.404 [SessionValidationThread-1] INFO  o.a.s.session.mgt.AbstractValidatingSessionManager : Finished session validation.  No sessions were stopped.
2022-10-25 07:00:33.405 [SessionValidationThread-1] INFO  o.a.s.session.mgt.AbstractValidatingSessionManager : Validating all active sessions...
2022-10-25 07:00:33.405 [SessionValidationThread-1] INFO  o.a.s.session.mgt.AbstractValidatingSessionManager : Finished session validation.  No sessions were stopped.
2022-10-25 07:52:04.042 [DatartScheduleCluster_Worker-10] WARN  com.alibaba.druid.pool.DruidAbstractDataSource : discard long time none received connection. , jdbcUrl : jdbc:mysql://localhost:3306/datart?rewriteBatchedStatements=true&allowPublicKeyRetrieval=true&failOverReadOnly=false&allowMultiQueries=true&characterEncoding=utf-8&autoReconnect=true&allowLoadLocalInfile=true&useSSL=false, version : 1.2.4, lastPacketReceivedIdleMillis : 1252286
2022-10-25 08:00:33.405 [SessionValidationThread-1] INFO  o.a.s.session.mgt.AbstractValidatingSessionManager : Validating all active sessions...
2022-10-25 08:00:33.405 [SessionValidationThread-1] INFO  o.a.s.session.mgt.AbstractValidatingSessionManager : Finished session validation.  No sessions were stopped.
2022-10-25 09:00:33.405 [SessionValidationThread-1] INFO  o.a.s.session.mgt.AbstractValidatingSessionManager : Validating all active sessions...
2022-10-25 09:00:33.405 [SessionValidationThread-1] INFO  o.a.s.session.mgt.AbstractValidatingSessionManager : Finished session validation.  No sessions were stopped.
2022-10-25 09:21:27.649 [QuartzScheduler_DatartScheduleCluster-SH-OD-009WD1665468014423_MisfireHandler] WARN  com.alibaba.druid.pool.DruidAbstractDataSource : discard long time none received connection. , jdbcUrl : jdbc:mysql://localhost:3306/datart?rewriteBatchedStatements=true&allowPublicKeyRetrieval=true&failOverReadOnly=false&allowMultiQueries=true&characterEncoding=utf-8&autoReconnect=true&allowLoadLocalInfile=true&useSSL=false, version : 1.2.4, lastPacketReceivedIdleMillis : 1763605
2022-10-25 09:52:04.043 [DatartScheduleCluster_Worker-2] WARN  com.alibaba.druid.pool.DruidAbstractDataSource : discard long time none received connection. , jdbcUrl : jdbc:mysql://localhost:3306/datart?rewriteBatchedStatements=true&allowPublicKeyRetrieval=true&failOverReadOnly=false&allowMultiQueries=true&characterEncoding=utf-8&autoReconnect=true&allowLoadLocalInfile=true&useSSL=false, version : 1.2.4, lastPacketReceivedIdleMillis : 1836392
2022-10-25 10:00:33.405 [SessionValidationThread-1] INFO  o.a.s.session.mgt.AbstractValidatingSessionManager : Validating all active sessions...
2022-10-25 10:00:33.405 [SessionValidationThread-1] INFO  o.a.s.session.mgt.AbstractValidatingSessionManager : Finished session validation.  No sessions were stopped.
2022-10-25 11:00:33.405 [SessionValidationThread-1] INFO  o.a.s.session.mgt.AbstractValidatingSessionManager : Validating all active sessions...
2022-10-25 11:00:33.405 [SessionValidationThread-1] INFO  o.a.s.session.mgt.AbstractValidatingSessionManager : Finished session validation.  No sessions were stopped.
2022-10-25 12:00:33.405 [SessionValidationThread-1] INFO  o.a.s.session.mgt.AbstractValidatingSessionManager : Validating all active sessions...
2022-10-25 12:00:33.405 [SessionValidationThread-1] INFO  o.a.s.session.mgt.AbstractValidatingSessionManager : Finished session validation.  No sessions were stopped.
2022-10-25 13:00:33.405 [SessionValidationThread-1] INFO  o.a.s.session.mgt.AbstractValidatingSessionManager : Validating all active sessions...
2022-10-25 13:00:33.405 [SessionValidationThread-1] INFO  o.a.s.session.mgt.AbstractValidatingSessionManager : Finished session validation.  No sessions were stopped.
2022-10-25 13:52:04.042 [DatartScheduleCluster_Worker-6] WARN  com.alibaba.druid.pool.DruidAbstractDataSource : discard long time none received connection. , jdbcUrl : jdbc:mysql://localhost:3306/datart?rewriteBatchedStatements=true&allowPublicKeyRetrieval=true&failOverReadOnly=false&allowMultiQueries=true&characterEncoding=utf-8&autoReconnect=true&allowLoadLocalInfile=true&useSSL=false, version : 1.2.4, lastPacketReceivedIdleMillis : 1294448
2022-10-25 14:00:33.405 [SessionValidationThread-1] INFO  o.a.s.session.mgt.AbstractValidatingSessionManager : Validating all active sessions...
2022-10-25 14:00:33.405 [SessionValidationThread-1] INFO  o.a.s.session.mgt.AbstractValidatingSessionManager : Finished session validation.  No sessions were stopped.
2022-10-25 15:00:33.405 [SessionValidationThread-1] INFO  o.a.s.session.mgt.AbstractValidatingSessionManager : Validating all active sessions...
2022-10-25 15:00:33.405 [SessionValidationThread-1] INFO  o.a.s.session.mgt.AbstractValidatingSessionManager : Finished session validation.  No sessions were stopped.
2022-10-25 16:00:33.406 [SessionValidationThread-1] INFO  o.a.s.session.mgt.AbstractValidatingSessionManager : Validating all active sessions...
2022-10-25 16:00:33.406 [SessionValidationThread-1] INFO  o.a.s.session.mgt.AbstractValidatingSessionManager : Finished session validation.  No sessions were stopped.
2022-10-25 17:00:33.405 [SessionValidationThread-1] INFO  o.a.s.session.mgt.AbstractValidatingSessionManager : Validating all active sessions...
2022-10-25 17:00:33.405 [SessionValidationThread-1] INFO  o.a.s.session.mgt.AbstractValidatingSessionManager : Finished session validation.  No sessions were stopped.
2022-10-25 18:00:33.405 [SessionValidationThread-1] INFO  o.a.s.session.mgt.AbstractValidatingSessionManager : Validating all active sessions...
2022-10-25 18:00:33.405 [SessionValidationThread-1] INFO  o.a.s.session.mgt.AbstractValidatingSessionManager : Finished session validation.  No sessions were stopped.
2022-10-25 19:00:33.405 [SessionValidationThread-1] INFO  o.a.s.session.mgt.AbstractValidatingSessionManager : Validating all active sessions...
2022-10-25 19:00:33.405 [SessionValidationThread-1] INFO  o.a.s.session.mgt.AbstractValidatingSessionManager : Finished session validation.  No sessions were stopped.
2022-10-25 20:00:33.405 [SessionValidationThread-1] INFO  o.a.s.session.mgt.AbstractValidatingSessionManager : Validating all active sessions...
2022-10-25 20:00:33.405 [SessionValidationThread-1] INFO  o.a.s.session.mgt.AbstractValidatingSessionManager : Finished session validation.  No sessions were stopped.
2022-10-25 21:00:33.405 [SessionValidationThread-1] INFO  o.a.s.session.mgt.AbstractValidatingSessionManager : Validating all active sessions...
2022-10-25 21:00:33.405 [SessionValidationThread-1] INFO  o.a.s.session.mgt.AbstractValidatingSessionManager : Finished session validation.  No sessions were stopped.
2022-10-25 21:13:48.278 [DatartScheduleCluster_QuartzSchedulerThread] WARN  com.alibaba.druid.pool.DruidAbstractDataSource : discard long time none received connection. , jdbcUrl : jdbc:mysql://localhost:3306/datart?rewriteBatchedStatements=true&allowPublicKeyRetrieval=true&failOverReadOnly=false&allowMultiQueries=true&characterEncoding=utf-8&autoReconnect=true&allowLoadLocalInfile=true&useSSL=false, version : 1.2.4, lastPacketReceivedIdleMillis : 1304238
2022-10-25 22:00:33.405 [SessionValidationThread-1] INFO  o.a.s.session.mgt.AbstractValidatingSessionManager : Validating all active sessions...
2022-10-25 22:00:33.405 [SessionValidationThread-1] INFO  o.a.s.session.mgt.AbstractValidatingSessionManager : Finished session validation.  No sessions were stopped.
2022-10-25 23:00:33.405 [SessionValidationThread-1] INFO  o.a.s.session.mgt.AbstractValidatingSessionManager : Validating all active sessions...
2022-10-25 23:00:33.405 [SessionValidationThread-1] INFO  o.a.s.session.mgt.AbstractValidatingSessionManager : Finished session validation.  No sessions were stopped.
