2022-09-16 00:12:26.021 [QuartzScheduler_DatartScheduleCluster-SH-OD-009WD1663224860926_ClusterManager] WARN  com.alibaba.druid.pool.DruidAbstractDataSource : discard long time none received connection. , jdbcUrl : jdbc:mysql://localhost:3306/datart?rewriteBatchedStatements=true&allowPublicKeyRetrieval=true&failOverReadOnly=false&allowMultiQueries=true&characterEncoding=utf-8&autoReconnect=true&allowLoadLocalInfile=true&useSSL=false, version : 1.2.4, lastPacketReceivedIdleMillis : 1221979
2022-09-16 00:57:44.632 [SessionValidationThread-1] INFO  o.a.s.session.mgt.AbstractValidatingSessionManager : Validating all active sessions...
2022-09-16 00:57:44.632 [SessionValidationThread-1] INFO  o.a.s.session.mgt.AbstractValidatingSessionManager : Finished session validation.  No sessions were stopped.
2022-09-16 01:52:04.042 [DatartScheduleCluster_Worker-1] WARN  com.alibaba.druid.pool.DruidAbstractDataSource : discard long time none received connection. , jdbcUrl : jdbc:mysql://localhost:3306/datart?rewriteBatchedStatements=true&allowPublicKeyRetrieval=true&failOverReadOnly=false&allowMultiQueries=true&characterEncoding=utf-8&autoReconnect=true&allowLoadLocalInfile=true&useSSL=false, version : 1.2.4, lastPacketReceivedIdleMillis : 172090
2022-09-16 01:57:44.631 [SessionValidationThread-1] INFO  o.a.s.session.mgt.AbstractValidatingSessionManager : Validating all active sessions...
2022-09-16 01:57:44.631 [SessionValidationThread-1] INFO  o.a.s.session.mgt.AbstractValidatingSessionManager : Finished session validation.  No sessions were stopped.
2022-09-16 02:57:44.631 [SessionValidationThread-1] INFO  o.a.s.session.mgt.AbstractValidatingSessionManager : Validating all active sessions...
2022-09-16 02:57:44.631 [SessionValidationThread-1] INFO  o.a.s.session.mgt.AbstractValidatingSessionManager : Finished session validation.  No sessions were stopped.
2022-09-16 03:57:44.632 [SessionValidationThread-1] INFO  o.a.s.session.mgt.AbstractValidatingSessionManager : Validating all active sessions...
2022-09-16 03:57:44.632 [SessionValidationThread-1] INFO  o.a.s.session.mgt.AbstractValidatingSessionManager : Finished session validation.  No sessions were stopped.
2022-09-16 04:52:04.041 [DatartScheduleCluster_Worker-4] WARN  com.alibaba.druid.pool.DruidAbstractDataSource : discard long time none received connection. , jdbcUrl : jdbc:mysql://localhost:3306/datart?rewriteBatchedStatements=true&allowPublicKeyRetrieval=true&failOverReadOnly=false&allowMultiQueries=true&characterEncoding=utf-8&autoReconnect=true&allowLoadLocalInfile=true&useSSL=false, version : 1.2.4, lastPacketReceivedIdleMillis : 710493
2022-09-16 04:57:44.631 [SessionValidationThread-1] INFO  o.a.s.session.mgt.AbstractValidatingSessionManager : Validating all active sessions...
2022-09-16 04:57:44.631 [SessionValidationThread-1] INFO  o.a.s.session.mgt.AbstractValidatingSessionManager : Finished session validation.  No sessions were stopped.
2022-09-16 05:57:44.630 [SessionValidationThread-1] INFO  o.a.s.session.mgt.AbstractValidatingSessionManager : Validating all active sessions...
2022-09-16 05:57:44.630 [SessionValidationThread-1] INFO  o.a.s.session.mgt.AbstractValidatingSessionManager : Finished session validation.  No sessions were stopped.
2022-09-16 06:57:44.631 [SessionValidationThread-1] INFO  o.a.s.session.mgt.AbstractValidatingSessionManager : Validating all active sessions...
2022-09-16 06:57:44.631 [SessionValidationThread-1] INFO  o.a.s.session.mgt.AbstractValidatingSessionManager : Finished session validation.  No sessions were stopped.
2022-09-16 07:57:44.631 [SessionValidationThread-1] INFO  o.a.s.session.mgt.AbstractValidatingSessionManager : Validating all active sessions...
2022-09-16 07:57:44.631 [SessionValidationThread-1] INFO  o.a.s.session.mgt.AbstractValidatingSessionManager : Finished session validation.  No sessions were stopped.
2022-09-16 08:57:44.631 [SessionValidationThread-1] INFO  o.a.s.session.mgt.AbstractValidatingSessionManager : Validating all active sessions...
2022-09-16 08:57:44.631 [SessionValidationThread-1] INFO  o.a.s.session.mgt.AbstractValidatingSessionManager : Finished session validation.  No sessions were stopped.
2022-09-16 09:32:26.285 [QuartzScheduler_DatartScheduleCluster-SH-OD-009WD1663224860926_MisfireHandler] WARN  com.alibaba.druid.pool.DruidAbstractDataSource : discard long time none received connection. , jdbcUrl : jdbc:mysql://localhost:3306/datart?rewriteBatchedStatements=true&allowPublicKeyRetrieval=true&failOverReadOnly=false&allowMultiQueries=true&characterEncoding=utf-8&autoReconnect=true&allowLoadLocalInfile=true&useSSL=false, version : 1.2.4, lastPacketReceivedIdleMillis : 390058
2022-09-16 09:52:04.043 [DatartScheduleCluster_Worker-9] WARN  com.alibaba.druid.pool.DruidAbstractDataSource : discard long time none received connection. , jdbcUrl : jdbc:mysql://localhost:3306/datart?rewriteBatchedStatements=true&allowPublicKeyRetrieval=true&failOverReadOnly=false&allowMultiQueries=true&characterEncoding=utf-8&autoReconnect=true&allowLoadLocalInfile=true&useSSL=false, version : 1.2.4, lastPacketReceivedIdleMillis : 1177757
2022-09-16 09:55:11.495 [QuartzScheduler_DatartScheduleCluster-SH-OD-009WD1663224860926_ClusterManager] WARN  com.alibaba.druid.pool.DruidAbstractDataSource : discard long time none received connection. , jdbcUrl : jdbc:mysql://localhost:3306/datart?rewriteBatchedStatements=true&allowPublicKeyRetrieval=true&failOverReadOnly=false&allowMultiQueries=true&characterEncoding=utf-8&autoReconnect=true&allowLoadLocalInfile=true&useSSL=false, version : 1.2.4, lastPacketReceivedIdleMillis : 187449
2022-09-16 09:57:44.632 [SessionValidationThread-1] INFO  o.a.s.session.mgt.AbstractValidatingSessionManager : Validating all active sessions...
2022-09-16 09:57:44.632 [SessionValidationThread-1] INFO  o.a.s.session.mgt.AbstractValidatingSessionManager : Finished session validation.  No sessions were stopped.
2022-09-16 10:57:44.631 [SessionValidationThread-1] INFO  o.a.s.session.mgt.AbstractValidatingSessionManager : Validating all active sessions...
2022-09-16 10:57:44.631 [SessionValidationThread-1] INFO  o.a.s.session.mgt.AbstractValidatingSessionManager : Finished session validation.  No sessions were stopped.
2022-09-16 11:57:44.631 [SessionValidationThread-1] INFO  o.a.s.session.mgt.AbstractValidatingSessionManager : Validating all active sessions...
2022-09-16 11:57:44.631 [SessionValidationThread-1] INFO  o.a.s.session.mgt.AbstractValidatingSessionManager : Finished session validation.  No sessions were stopped.
2022-09-16 12:57:44.631 [SessionValidationThread-1] INFO  o.a.s.session.mgt.AbstractValidatingSessionManager : Validating all active sessions...
2022-09-16 12:57:44.631 [SessionValidationThread-1] INFO  o.a.s.session.mgt.AbstractValidatingSessionManager : Finished session validation.  No sessions were stopped.
2022-09-16 13:52:04.040 [DatartScheduleCluster_Worker-3] WARN  com.alibaba.druid.pool.DruidAbstractDataSource : discard long time none received connection. , jdbcUrl : jdbc:mysql://localhost:3306/datart?rewriteBatchedStatements=true&allowPublicKeyRetrieval=true&failOverReadOnly=false&allowMultiQueries=true&characterEncoding=utf-8&autoReconnect=true&allowLoadLocalInfile=true&useSSL=false, version : 1.2.4, lastPacketReceivedIdleMillis : 165369
2022-09-16 13:57:44.631 [SessionValidationThread-1] INFO  o.a.s.session.mgt.AbstractValidatingSessionManager : Validating all active sessions...
2022-09-16 13:57:44.631 [SessionValidationThread-1] INFO  o.a.s.session.mgt.AbstractValidatingSessionManager : Finished session validation.  No sessions were stopped.
2022-09-16 14:57:44.631 [SessionValidationThread-1] INFO  o.a.s.session.mgt.AbstractValidatingSessionManager : Validating all active sessions...
2022-09-16 14:57:44.631 [SessionValidationThread-1] INFO  o.a.s.session.mgt.AbstractValidatingSessionManager : Finished session validation.  No sessions were stopped.
2022-09-16 15:57:44.632 [SessionValidationThread-1] INFO  o.a.s.session.mgt.AbstractValidatingSessionManager : Validating all active sessions...
2022-09-16 15:57:44.632 [SessionValidationThread-1] INFO  o.a.s.session.mgt.AbstractValidatingSessionManager : Finished session validation.  No sessions were stopped.
2022-09-16 16:57:44.631 [SessionValidationThread-1] INFO  o.a.s.session.mgt.AbstractValidatingSessionManager : Validating all active sessions...
2022-09-16 16:57:44.631 [SessionValidationThread-1] INFO  o.a.s.session.mgt.AbstractValidatingSessionManager : Finished session validation.  No sessions were stopped.
2022-09-16 17:57:44.630 [SessionValidationThread-1] INFO  o.a.s.session.mgt.AbstractValidatingSessionManager : Validating all active sessions...
2022-09-16 17:57:44.630 [SessionValidationThread-1] INFO  o.a.s.session.mgt.AbstractValidatingSessionManager : Finished session validation.  No sessions were stopped.
2022-09-16 18:52:04.040 [DatartScheduleCluster_Worker-8] WARN  com.alibaba.druid.pool.DruidAbstractDataSource : discard long time none received connection. , jdbcUrl : jdbc:mysql://localhost:3306/datart?rewriteBatchedStatements=true&allowPublicKeyRetrieval=true&failOverReadOnly=false&allowMultiQueries=true&characterEncoding=utf-8&autoReconnect=true&allowLoadLocalInfile=true&useSSL=false, version : 1.2.4, lastPacketReceivedIdleMillis : 97493
2022-09-16 18:57:44.631 [SessionValidationThread-1] INFO  o.a.s.session.mgt.AbstractValidatingSessionManager : Validating all active sessions...
2022-09-16 18:57:44.631 [SessionValidationThread-1] INFO  o.a.s.session.mgt.AbstractValidatingSessionManager : Finished session validation.  No sessions were stopped.
2022-09-16 19:57:44.631 [SessionValidationThread-1] INFO  o.a.s.session.mgt.AbstractValidatingSessionManager : Validating all active sessions...
2022-09-16 19:57:44.631 [SessionValidationThread-1] INFO  o.a.s.session.mgt.AbstractValidatingSessionManager : Finished session validation.  No sessions were stopped.
2022-09-16 20:57:44.632 [SessionValidationThread-1] INFO  o.a.s.session.mgt.AbstractValidatingSessionManager : Validating all active sessions...
2022-09-16 20:57:44.632 [SessionValidationThread-1] INFO  o.a.s.session.mgt.AbstractValidatingSessionManager : Finished session validation.  No sessions were stopped.
2022-09-16 21:08:22.740 [DatartScheduleCluster_QuartzSchedulerThread] WARN  com.alibaba.druid.pool.DruidAbstractDataSource : discard long time none received connection. , jdbcUrl : jdbc:mysql://localhost:3306/datart?rewriteBatchedStatements=true&allowPublicKeyRetrieval=true&failOverReadOnly=false&allowMultiQueries=true&characterEncoding=utf-8&autoReconnect=true&allowLoadLocalInfile=true&useSSL=false, version : 1.2.4, lastPacketReceivedIdleMillis : 978694
2022-09-16 21:57:44.631 [SessionValidationThread-1] INFO  o.a.s.session.mgt.AbstractValidatingSessionManager : Validating all active sessions...
2022-09-16 21:57:44.631 [SessionValidationThread-1] INFO  o.a.s.session.mgt.AbstractValidatingSessionManager : Finished session validation.  No sessions were stopped.
2022-09-16 22:57:44.631 [SessionValidationThread-1] INFO  o.a.s.session.mgt.AbstractValidatingSessionManager : Validating all active sessions...
2022-09-16 22:57:44.631 [SessionValidationThread-1] INFO  o.a.s.session.mgt.AbstractValidatingSessionManager : Finished session validation.  No sessions were stopped.
2022-09-16 23:57:44.632 [SessionValidationThread-1] INFO  o.a.s.session.mgt.AbstractValidatingSessionManager : Validating all active sessions...
2022-09-16 23:57:44.632 [SessionValidationThread-1] INFO  o.a.s.session.mgt.AbstractValidatingSessionManager : Finished session validation.  No sessions were stopped.
