2022-10-23 00:00:33.405 [SessionValidationThread-1] INFO  o.a.s.session.mgt.AbstractValidatingSessionManager : Validating all active sessions...
2022-10-23 00:00:33.405 [SessionValidationThread-1] INFO  o.a.s.session.mgt.AbstractValidatingSessionManager : Finished session validation.  No sessions were stopped.
2022-10-23 01:00:33.406 [SessionValidationThread-1] INFO  o.a.s.session.mgt.AbstractValidatingSessionManager : Validating all active sessions...
2022-10-23 01:00:33.406 [SessionValidationThread-1] INFO  o.a.s.session.mgt.AbstractValidatingSessionManager : Finished session validation.  No sessions were stopped.
2022-10-23 01:59:26.080 [QuartzScheduler_DatartScheduleCluster-SH-OD-009WD1665468014423_MisfireHandler] WARN  com.alibaba.druid.pool.DruidAbstractDataSource : discard long time none received connection. , jdbcUrl : jdbc:mysql://localhost:3306/datart?rewriteBatchedStatements=true&allowPublicKeyRetrieval=true&failOverReadOnly=false&allowMultiQueries=true&characterEncoding=utf-8&autoReconnect=true&allowLoadLocalInfile=true&useSSL=false, version : 1.2.4, lastPacketReceivedIdleMillis : 442036
2022-10-23 02:00:33.405 [SessionValidationThread-1] INFO  o.a.s.session.mgt.AbstractValidatingSessionManager : Validating all active sessions...
2022-10-23 02:00:33.405 [SessionValidationThread-1] INFO  o.a.s.session.mgt.AbstractValidatingSessionManager : Finished session validation.  No sessions were stopped.
2022-10-23 03:00:33.404 [SessionValidationThread-1] INFO  o.a.s.session.mgt.AbstractValidatingSessionManager : Validating all active sessions...
2022-10-23 03:00:33.404 [SessionValidationThread-1] INFO  o.a.s.session.mgt.AbstractValidatingSessionManager : Finished session validation.  No sessions were stopped.
2022-10-23 04:00:33.405 [SessionValidationThread-1] INFO  o.a.s.session.mgt.AbstractValidatingSessionManager : Validating all active sessions...
2022-10-23 04:00:33.405 [SessionValidationThread-1] INFO  o.a.s.session.mgt.AbstractValidatingSessionManager : Finished session validation.  No sessions were stopped.
2022-10-23 04:16:27.179 [DatartScheduleCluster_QuartzSchedulerThread] WARN  com.alibaba.druid.pool.DruidAbstractDataSource : discard long time none received connection. , jdbcUrl : jdbc:mysql://localhost:3306/datart?rewriteBatchedStatements=true&allowPublicKeyRetrieval=true&failOverReadOnly=false&allowMultiQueries=true&characterEncoding=utf-8&autoReconnect=true&allowLoadLocalInfile=true&useSSL=false, version : 1.2.4, lastPacketReceivedIdleMillis : 1463135
2022-10-23 05:00:33.406 [SessionValidationThread-1] INFO  o.a.s.session.mgt.AbstractValidatingSessionManager : Validating all active sessions...
2022-10-23 05:00:33.406 [SessionValidationThread-1] INFO  o.a.s.session.mgt.AbstractValidatingSessionManager : Finished session validation.  No sessions were stopped.
2022-10-23 06:00:33.405 [SessionValidationThread-1] INFO  o.a.s.session.mgt.AbstractValidatingSessionManager : Validating all active sessions...
2022-10-23 06:00:33.405 [SessionValidationThread-1] INFO  o.a.s.session.mgt.AbstractValidatingSessionManager : Finished session validation.  No sessions were stopped.
2022-10-23 07:00:33.405 [SessionValidationThread-1] INFO  o.a.s.session.mgt.AbstractValidatingSessionManager : Validating all active sessions...
2022-10-23 07:00:33.405 [SessionValidationThread-1] INFO  o.a.s.session.mgt.AbstractValidatingSessionManager : Finished session validation.  No sessions were stopped.
2022-10-23 07:52:04.042 [DatartScheduleCluster_Worker-2] WARN  com.alibaba.druid.pool.DruidAbstractDataSource : discard long time none received connection. , jdbcUrl : jdbc:mysql://localhost:3306/datart?rewriteBatchedStatements=true&allowPublicKeyRetrieval=true&failOverReadOnly=false&allowMultiQueries=true&characterEncoding=utf-8&autoReconnect=true&allowLoadLocalInfile=true&useSSL=false, version : 1.2.4, lastPacketReceivedIdleMillis : 365202
2022-10-23 08:00:33.405 [SessionValidationThread-1] INFO  o.a.s.session.mgt.AbstractValidatingSessionManager : Validating all active sessions...
2022-10-23 08:00:33.405 [SessionValidationThread-1] INFO  o.a.s.session.mgt.AbstractValidatingSessionManager : Finished session validation.  No sessions were stopped.
2022-10-23 09:00:33.406 [SessionValidationThread-1] INFO  o.a.s.session.mgt.AbstractValidatingSessionManager : Validating all active sessions...
2022-10-23 09:00:33.406 [SessionValidationThread-1] INFO  o.a.s.session.mgt.AbstractValidatingSessionManager : Finished session validation.  No sessions were stopped.
2022-10-23 10:00:33.405 [SessionValidationThread-1] INFO  o.a.s.session.mgt.AbstractValidatingSessionManager : Validating all active sessions...
2022-10-23 10:00:33.405 [SessionValidationThread-1] INFO  o.a.s.session.mgt.AbstractValidatingSessionManager : Finished session validation.  No sessions were stopped.
2022-10-23 11:00:33.405 [SessionValidationThread-1] INFO  o.a.s.session.mgt.AbstractValidatingSessionManager : Validating all active sessions...
2022-10-23 11:00:33.405 [SessionValidationThread-1] INFO  o.a.s.session.mgt.AbstractValidatingSessionManager : Finished session validation.  No sessions were stopped.
2022-10-23 12:00:33.405 [SessionValidationThread-1] INFO  o.a.s.session.mgt.AbstractValidatingSessionManager : Validating all active sessions...
2022-10-23 12:00:33.405 [SessionValidationThread-1] INFO  o.a.s.session.mgt.AbstractValidatingSessionManager : Finished session validation.  No sessions were stopped.
2022-10-23 13:00:33.405 [SessionValidationThread-1] INFO  o.a.s.session.mgt.AbstractValidatingSessionManager : Validating all active sessions...
2022-10-23 13:00:33.405 [SessionValidationThread-1] INFO  o.a.s.session.mgt.AbstractValidatingSessionManager : Finished session validation.  No sessions were stopped.
2022-10-23 13:07:26.381 [QuartzScheduler_DatartScheduleCluster-SH-OD-009WD1665468014423_MisfireHandler] WARN  com.alibaba.druid.pool.DruidAbstractDataSource : discard long time none received connection. , jdbcUrl : jdbc:mysql://localhost:3306/datart?rewriteBatchedStatements=true&allowPublicKeyRetrieval=true&failOverReadOnly=false&allowMultiQueries=true&characterEncoding=utf-8&autoReconnect=true&allowLoadLocalInfile=true&useSSL=false, version : 1.2.4, lastPacketReceivedIdleMillis : 922337
2022-10-23 14:00:33.405 [SessionValidationThread-1] INFO  o.a.s.session.mgt.AbstractValidatingSessionManager : Validating all active sessions...
2022-10-23 14:00:33.405 [SessionValidationThread-1] INFO  o.a.s.session.mgt.AbstractValidatingSessionManager : Finished session validation.  No sessions were stopped.
2022-10-23 15:00:33.405 [SessionValidationThread-1] INFO  o.a.s.session.mgt.AbstractValidatingSessionManager : Validating all active sessions...
2022-10-23 15:00:33.405 [SessionValidationThread-1] INFO  o.a.s.session.mgt.AbstractValidatingSessionManager : Finished session validation.  No sessions were stopped.
2022-10-23 15:07:27.338 [QuartzScheduler_DatartScheduleCluster-SH-OD-009WD1665468014423_ClusterManager] WARN  com.alibaba.druid.pool.DruidAbstractDataSource : discard long time none received connection. , jdbcUrl : jdbc:mysql://localhost:3306/datart?rewriteBatchedStatements=true&allowPublicKeyRetrieval=true&failOverReadOnly=false&allowMultiQueries=true&characterEncoding=utf-8&autoReconnect=true&allowLoadLocalInfile=true&useSSL=false, version : 1.2.4, lastPacketReceivedIdleMillis : 923293
2022-10-23 16:00:33.405 [SessionValidationThread-1] INFO  o.a.s.session.mgt.AbstractValidatingSessionManager : Validating all active sessions...
2022-10-23 16:00:33.405 [SessionValidationThread-1] INFO  o.a.s.session.mgt.AbstractValidatingSessionManager : Finished session validation.  No sessions were stopped.
2022-10-23 16:52:04.044 [DatartScheduleCluster_Worker-1] WARN  com.alibaba.druid.pool.DruidAbstractDataSource : discard long time none received connection. , jdbcUrl : jdbc:mysql://localhost:3306/datart?rewriteBatchedStatements=true&allowPublicKeyRetrieval=true&failOverReadOnly=false&allowMultiQueries=true&characterEncoding=utf-8&autoReconnect=true&allowLoadLocalInfile=true&useSSL=false, version : 1.2.4, lastPacketReceivedIdleMillis : 625945
2022-10-23 17:00:33.404 [SessionValidationThread-1] INFO  o.a.s.session.mgt.AbstractValidatingSessionManager : Validating all active sessions...
2022-10-23 17:00:33.406 [SessionValidationThread-1] INFO  o.a.s.session.mgt.AbstractValidatingSessionManager : Finished session validation.  No sessions were stopped.
2022-10-23 18:00:33.405 [SessionValidationThread-1] INFO  o.a.s.session.mgt.AbstractValidatingSessionManager : Validating all active sessions...
2022-10-23 18:00:33.405 [SessionValidationThread-1] INFO  o.a.s.session.mgt.AbstractValidatingSessionManager : Finished session validation.  No sessions were stopped.
2022-10-23 19:00:33.406 [SessionValidationThread-1] INFO  o.a.s.session.mgt.AbstractValidatingSessionManager : Validating all active sessions...
2022-10-23 19:00:33.406 [SessionValidationThread-1] INFO  o.a.s.session.mgt.AbstractValidatingSessionManager : Finished session validation.  No sessions were stopped.
2022-10-23 20:00:33.405 [SessionValidationThread-1] INFO  o.a.s.session.mgt.AbstractValidatingSessionManager : Validating all active sessions...
2022-10-23 20:00:33.405 [SessionValidationThread-1] INFO  o.a.s.session.mgt.AbstractValidatingSessionManager : Finished session validation.  No sessions were stopped.
2022-10-23 21:00:33.405 [SessionValidationThread-1] INFO  o.a.s.session.mgt.AbstractValidatingSessionManager : Validating all active sessions...
2022-10-23 21:00:33.405 [SessionValidationThread-1] INFO  o.a.s.session.mgt.AbstractValidatingSessionManager : Finished session validation.  No sessions were stopped.
2022-10-23 22:00:33.405 [SessionValidationThread-1] INFO  o.a.s.session.mgt.AbstractValidatingSessionManager : Validating all active sessions...
2022-10-23 22:00:33.405 [SessionValidationThread-1] INFO  o.a.s.session.mgt.AbstractValidatingSessionManager : Finished session validation.  No sessions were stopped.
2022-10-23 22:18:25.765 [DatartScheduleCluster_QuartzSchedulerThread] WARN  com.alibaba.druid.pool.DruidAbstractDataSource : discard long time none received connection. , jdbcUrl : jdbc:mysql://localhost:3306/datart?rewriteBatchedStatements=true&allowPublicKeyRetrieval=true&failOverReadOnly=false&allowMultiQueries=true&characterEncoding=utf-8&autoReconnect=true&allowLoadLocalInfile=true&useSSL=false, version : 1.2.4, lastPacketReceivedIdleMillis : 1581722
2022-10-23 23:00:33.405 [SessionValidationThread-1] INFO  o.a.s.session.mgt.AbstractValidatingSessionManager : Validating all active sessions...
2022-10-23 23:00:33.405 [SessionValidationThread-1] INFO  o.a.s.session.mgt.AbstractValidatingSessionManager : Finished session validation.  No sessions were stopped.
